<?xml version="1.0" encoding="UTF-8"?>
<!-- Generated by org.testng.reporters.JUnitReportReporter -->
<testsuite hostname="Refaques-MacBook-Pro.local" name="com.atwApply.runners.RunCukesTestInChrome" tests="2" failures="0" timestamp="19 Sep 2017 11:30:00 GMT" time="108.593" errors="0">
  <testcase name="Tests in Chrome2 - feature - chrome v:61.0.3163.79 LINUX" time="54.039" classname="com.atwApply.runners.RunCukesTestInChrome"/>
  <testcase name="Tests in Chrome1 - feature - chrome v:61.0.3163.79 LINUX" time="54.554" classname="com.atwApply.runners.RunCukesTestInChrome"/>
</testsuite> <!-- com.atwApply.runners.RunCukesTestInChrome -->
