<?xml version="1.0" encoding="UTF-8"?>
<!-- Generated by org.testng.reporters.JUnitReportReporter -->
<testsuite hostname="Refaques-MacBook-Pro.local" name="cucumber.examples.java.testNG.runners.RunCukesTestInChrome" tests="2" failures="0" timestamp="17 Sep 2017 19:09:01 GMT" time="29.917" errors="0">
  <testcase name="Tests in Chrome - feature - chrome v:61.0.3163.79 LINUX" time="11.040" classname="cucumber.examples.java.testNG.runners.RunCukesTestInChrome"/>
  <testcase name="Tests in Chrome12 - feature - chrome v:61.0.3163.79 LINUX" time="18.877" classname="cucumber.examples.java.testNG.runners.RunCukesTestInChrome"/>
</testsuite> <!-- cucumber.examples.java.testNG.runners.RunCukesTestInChrome -->
