<?xml version="1.0" encoding="UTF-8"?>
<!-- Generated by org.testng.reporters.JUnitReportReporter -->
<testsuite hostname="Refaques-MacBook-Pro.local" name="com.atwApply.runners.RunCukesTestInFirefox" tests="2" failures="0" timestamp="19 Sep 2017 11:30:05 GMT" time="117.468" errors="0">
  <testcase name="Tests in FF1 - feature - firefox v: ANY" time="58.703" classname="com.atwApply.runners.RunCukesTestInFirefox"/>
  <testcase name="Tests in FF2 - feature - firefox v: ANY" time="58.765" classname="com.atwApply.runners.RunCukesTestInFirefox"/>
</testsuite> <!-- com.atwApply.runners.RunCukesTestInFirefox -->
