<?xml version="1.0" encoding="UTF-8"?>
<!-- Generated by org.testng.reporters.JUnitReportReporter -->
<testsuite hostname="Refaques-MacBook-Pro.local" name="com.atwStaffUI.runners.RunCukesTestInIE" tests="1" failures="0" timestamp="14 Nov 2017 15:01:08 GMT" time="71.400" errors="0">
  <testcase name="Tests in IE - feature - internet explorer v: ANY" time="71.400" classname="com.atwStaffUI.runners.RunCukesTestInIE"/>
</testsuite> <!-- com.atwStaffUI.runners.RunCukesTestInIE -->
