<?xml version="1.0" encoding="UTF-8"?>
<!-- Generated by org.testng.reporters.JUnitReportReporter -->
<testsuite hostname="Refaques-MacBook-Pro.local" name="cucumber.examples.java.testNG.runners.RunCukesTestInFirefox" tests="1" failures="0" timestamp="17 Sep 2017 19:09:01 GMT" time="12.911" errors="0">
  <testcase name="Tests in FF - feature - firefox v: ANY" time="12.911" classname="cucumber.examples.java.testNG.runners.RunCukesTestInFirefox"/>
</testsuite> <!-- cucumber.examples.java.testNG.runners.RunCukesTestInFirefox -->
