<?xml version="1.0" encoding="UTF-8"?>
<!-- Generated by org.testng.reporters.JUnitReportReporter -->
<testsuite hostname="DESKTOP-026P67P" name="com.ValtechTest.runners.RunCukesSingleBrowser" tests="1" failures="0" timestamp="1 Jul 2018 12:14:23 GMT" time="31.968" errors="0">
  <testcase name="Tests in Single Browser - feature - firefox v: ANY" time="31.968" classname="com.ValtechTest.runners.RunCukesSingleBrowser"/>
</testsuite> <!-- com.ValtechTest.runners.RunCukesSingleBrowser -->
